Warning: no DISPLAY environment variable.
--No graphics will be displayed.
exp(1000.73) out of range, returning exp(700)
exp(1000.73) out of range, returning exp(700)
exp(1000.73) out of range, returning exp(700)
exp(1000.73) out of range, returning exp(700)
No more errno warnings during this execution
exp(1000.73) out of range, returning exp(700)
exp(1000.73) out of range, returning exp(700)
exp(1000.73) out of range, returning exp(700)
exp(1000.73) out of range, returning exp(700)
No more errno warnings during this execution
exp(1000.73) out of range, returning exp(700)
exp(1000.73) out of range, returning exp(700)
exp(1000.73) out of range, returning exp(700)
exp(1000.73) out of range, returning exp(700)
No more errno warnings during this execution
exp(1000.73) out of range, returning exp(700)
exp(1000.73) out of range, returning exp(700)
exp(1000.73) out of range, returning exp(700)
exp(1000.73) out of range, returning exp(700)
No more errno warnings during this execution
exp(1000.73) out of range, returning exp(700)
exp(1000.73) out of range, returning exp(700)
exp(1000.73) out of range, returning exp(700)
exp(1000.73) out of range, returning exp(700)
No more errno warnings during this execution
exp(1000.73) out of range, returning exp(700)
exp(1000.73) out of range, returning exp(700)
exp(1000.73) out of range, returning exp(700)
exp(1000.73) out of range, returning exp(700)
No more errno warnings during this execution
exp(1000.73) out of range, returning exp(700)
exp(1000.73) out of range, returning exp(700)
exp(1000.73) out of range, returning exp(700)
exp(1000.73) out of range, returning exp(700)
No more errno warnings during this execution
exp(1000.73) out of range, returning exp(700)
exp(1000.73) out of range, returning exp(700)
exp(1000.73) out of range, returning exp(700)
exp(1000.73) out of range, returning exp(700)
No more errno warnings during this execution
exp(1000.73) out of range, returning exp(700)
exp(1000.73) out of range, returning exp(700)
exp(1000.73) out of range, returning exp(700)
exp(1000.73) out of range, returning exp(700)
No more errno warnings during this execution
exp(1000.73) out of range, returning exp(700)
exp(1000.73) out of range, returning exp(700)
exp(1000.73) out of range, returning exp(700)
exp(1000.73) out of range, returning exp(700)
No more errno warnings during this execution
exp(1000.73) out of range, returning exp(700)
exp(1000.73) out of range, returning exp(700)
exp(1000.73) out of range, returning exp(700)
exp(1000.73) out of range, returning exp(700)
No more errno warnings during this execution
exp(1000.73) out of range, returning exp(700)
exp(1000.73) out of range, returning exp(700)
exp(1000.73) out of range, returning exp(700)
exp(1000.73) out of range, returning exp(700)
No more errno warnings during this execution
exp(1000.73) out of range, returning exp(700)
exp(1000.73) out of range, returning exp(700)
exp(1000.73) out of range, returning exp(700)
exp(1000.73) out of range, returning exp(700)
No more errno warnings during this execution
exp(1000.73) out of range, returning exp(700)
exp(1000.73) out of range, returning exp(700)
exp(1000.73) out of range, returning exp(700)
exp(1000.73) out of range, returning exp(700)
No more errno warnings during this execution
exp(1000.73) out of range, returning exp(700)
exp(1000.73) out of range, returning exp(700)
exp(1000.73) out of range, returning exp(700)
exp(1000.73) out of range, returning exp(700)
No more errno warnings during this execution
exp(1000.73) out of range, returning exp(700)
exp(1000.73) out of range, returning exp(700)
exp(1000.73) out of range, returning exp(700)
exp(1000.73) out of range, returning exp(700)
No more errno warnings during this execution
exp(1000.73) out of range, returning exp(700)
exp(1000.73) out of range, returning exp(700)
exp(1000.73) out of range, returning exp(700)
exp(1000.73) out of range, returning exp(700)
No more errno warnings during this execution
exp(1000.73) out of range, returning exp(700)
exp(1000.73) out of range, returning exp(700)
exp(1000.73) out of range, returning exp(700)
exp(1000.73) out of range, returning exp(700)
No more errno warnings during this execution
exp(1000.73) out of range, returning exp(700)
exp(1000.73) out of range, returning exp(700)
exp(1000.73) out of range, returning exp(700)
exp(1000.73) out of range, returning exp(700)
No more errno warnings during this execution
exp(1000.73) out of range, returning exp(700)
exp(1000.73) out of range, returning exp(700)
exp(1000.73) out of range, returning exp(700)
exp(1000.73) out of range, returning exp(700)
No more errno warnings during this execution
exp(1000.73) out of range, returning exp(700)
exp(1000.73) out of range, returning exp(700)
exp(1000.73) out of range, returning exp(700)
exp(1000.73) out of range, returning exp(700)
No more errno warnings during this execution
exp(1000.73) out of range, returning exp(700)
exp(1000.73) out of range, returning exp(700)
exp(1000.73) out of range, returning exp(700)
exp(1000.73) out of range, returning exp(700)
No more errno warnings during this execution
exp(1000.73) out of range, returning exp(700)
exp(1000.73) out of range, returning exp(700)
exp(1000.73) out of range, returning exp(700)
exp(1000.73) out of range, returning exp(700)
No more errno warnings during this execution
slurmstepd: error: *** STEP 16045603.0 ON nid004201 CANCELLED AT 2023-09-22T21:09:06 DUE TO TIME LIMIT ***
