Warning: no DISPLAY environment variable.
--No graphics will be displayed.
exp(1000.73) out of range, returning exp(700)
exp(1000.73) out of range, returning exp(700)
exp(1000.73) out of range, returning exp(700)
exp(1000.73) out of range, returning exp(700)
No more errno warnings during this execution
exp(1000.73) out of range, returning exp(700)
exp(1000.73) out of range, returning exp(700)
exp(1000.73) out of range, returning exp(700)
exp(1000.73) out of range, returning exp(700)
No more errno warnings during this execution
exp(1000.73) out of range, returning exp(700)
exp(1000.73) out of range, returning exp(700)
exp(1000.73) out of range, returning exp(700)
exp(1000.73) out of range, returning exp(700)
No more errno warnings during this execution
exp(1000.73) out of range, returning exp(700)
exp(1000.73) out of range, returning exp(700)
exp(1000.73) out of range, returning exp(700)
exp(1000.73) out of range, returning exp(700)
No more errno warnings during this execution
exp(1000.73) out of range, returning exp(700)
exp(1000.73) out of range, returning exp(700)
exp(1000.73) out of range, returning exp(700)
exp(1000.73) out of range, returning exp(700)
No more errno warnings during this execution
exp(3240.93) out of range, returning exp(700)
exp(3240.93) out of range, returning exp(700)
exp(3240.93) out of range, returning exp(700)
exp(3240.93) out of range, returning exp(700)
No more errno warnings during this execution
exp(3240.93) out of range, returning exp(700)
exp(3240.93) out of range, returning exp(700)
exp(3240.93) out of range, returning exp(700)
exp(3240.93) out of range, returning exp(700)
No more errno warnings during this execution
exp(3240.93) out of range, returning exp(700)
exp(3240.93) out of range, returning exp(700)
exp(3240.93) out of range, returning exp(700)
exp(3240.93) out of range, returning exp(700)
No more errno warnings during this execution
exp(3240.93) out of range, returning exp(700)
exp(3240.93) out of range, returning exp(700)
exp(3240.93) out of range, returning exp(700)
exp(3240.93) out of range, returning exp(700)
No more errno warnings during this execution
exp(3240.93) out of range, returning exp(700)
exp(3240.93) out of range, returning exp(700)
exp(3240.93) out of range, returning exp(700)
exp(3240.93) out of range, returning exp(700)
No more errno warnings during this execution
exp(1503.09) out of range, returning exp(700)
exp(1503.09) out of range, returning exp(700)
exp(1503.09) out of range, returning exp(700)
exp(1503.09) out of range, returning exp(700)
No more errno warnings during this execution
exp(1503.09) out of range, returning exp(700)
exp(1503.09) out of range, returning exp(700)
exp(1503.09) out of range, returning exp(700)
exp(1503.09) out of range, returning exp(700)
No more errno warnings during this execution
exp(1503.09) out of range, returning exp(700)
exp(1503.09) out of range, returning exp(700)
exp(1503.09) out of range, returning exp(700)
exp(1503.09) out of range, returning exp(700)
No more errno warnings during this execution
exp(1503.09) out of range, returning exp(700)
exp(1503.09) out of range, returning exp(700)
exp(1503.09) out of range, returning exp(700)
exp(1503.09) out of range, returning exp(700)
No more errno warnings during this execution
exp(1503.09) out of range, returning exp(700)
exp(1503.09) out of range, returning exp(700)
exp(1503.09) out of range, returning exp(700)
exp(1503.09) out of range, returning exp(700)
No more errno warnings during this execution
exp(3377.51) out of range, returning exp(700)
exp(3377.51) out of range, returning exp(700)
exp(3377.51) out of range, returning exp(700)
exp(3377.51) out of range, returning exp(700)
No more errno warnings during this execution
exp(3377.51) out of range, returning exp(700)
exp(3377.51) out of range, returning exp(700)
exp(3377.51) out of range, returning exp(700)
exp(3377.51) out of range, returning exp(700)
No more errno warnings during this execution
exp(3377.51) out of range, returning exp(700)
exp(3377.51) out of range, returning exp(700)
exp(3377.51) out of range, returning exp(700)
exp(3377.51) out of range, returning exp(700)
No more errno warnings during this execution
exp(3377.51) out of range, returning exp(700)
exp(3377.51) out of range, returning exp(700)
exp(3377.51) out of range, returning exp(700)
exp(3377.51) out of range, returning exp(700)
No more errno warnings during this execution
exp(3377.51) out of range, returning exp(700)
exp(3377.51) out of range, returning exp(700)
exp(3377.51) out of range, returning exp(700)
exp(3377.51) out of range, returning exp(700)
No more errno warnings during this execution
exp(1857.44) out of range, returning exp(700)
exp(1857.44) out of range, returning exp(700)
exp(1857.44) out of range, returning exp(700)
exp(1857.44) out of range, returning exp(700)
No more errno warnings during this execution
exp(1857.44) out of range, returning exp(700)
exp(1857.44) out of range, returning exp(700)
exp(1857.44) out of range, returning exp(700)
exp(1857.44) out of range, returning exp(700)
No more errno warnings during this execution
exp(1857.44) out of range, returning exp(700)
exp(1857.44) out of range, returning exp(700)
exp(1857.44) out of range, returning exp(700)
exp(1857.44) out of range, returning exp(700)
No more errno warnings during this execution
exp(1857.44) out of range, returning exp(700)
exp(1857.44) out of range, returning exp(700)
exp(1857.44) out of range, returning exp(700)
exp(1857.44) out of range, returning exp(700)
No more errno warnings during this execution
exp(1857.44) out of range, returning exp(700)
exp(1857.44) out of range, returning exp(700)
exp(1857.44) out of range, returning exp(700)
exp(1857.44) out of range, returning exp(700)
No more errno warnings during this execution
exp(1143.75) out of range, returning exp(700)
exp(1143.75) out of range, returning exp(700)
exp(1143.75) out of range, returning exp(700)
exp(1143.75) out of range, returning exp(700)
No more errno warnings during this execution
exp(1143.75) out of range, returning exp(700)
exp(1143.75) out of range, returning exp(700)
exp(1143.75) out of range, returning exp(700)
exp(1143.75) out of range, returning exp(700)
No more errno warnings during this execution
exp(1143.75) out of range, returning exp(700)
exp(1143.75) out of range, returning exp(700)
exp(1143.75) out of range, returning exp(700)
exp(1143.75) out of range, returning exp(700)
No more errno warnings during this execution
exp(1143.75) out of range, returning exp(700)
exp(1143.75) out of range, returning exp(700)
exp(1143.75) out of range, returning exp(700)
exp(1143.75) out of range, returning exp(700)
No more errno warnings during this execution
exp(1143.75) out of range, returning exp(700)
exp(1143.75) out of range, returning exp(700)
exp(1143.75) out of range, returning exp(700)
exp(1143.75) out of range, returning exp(700)
No more errno warnings during this execution
exp(823.928) out of range, returning exp(700)
exp(823.928) out of range, returning exp(700)
exp(823.928) out of range, returning exp(700)
exp(823.928) out of range, returning exp(700)
No more errno warnings during this execution
exp(823.928) out of range, returning exp(700)
exp(823.928) out of range, returning exp(700)
exp(823.928) out of range, returning exp(700)
exp(823.928) out of range, returning exp(700)
No more errno warnings during this execution
exp(823.928) out of range, returning exp(700)
exp(823.928) out of range, returning exp(700)
exp(823.928) out of range, returning exp(700)
exp(823.928) out of range, returning exp(700)
No more errno warnings during this execution
exp(823.928) out of range, returning exp(700)
exp(823.928) out of range, returning exp(700)
exp(823.928) out of range, returning exp(700)
exp(823.928) out of range, returning exp(700)
No more errno warnings during this execution
exp(823.928) out of range, returning exp(700)
exp(823.928) out of range, returning exp(700)
exp(823.928) out of range, returning exp(700)
exp(823.928) out of range, returning exp(700)
No more errno warnings during this execution
exp(2390.06) out of range, returning exp(700)
exp(2390.06) out of range, returning exp(700)
exp(2390.06) out of range, returning exp(700)
exp(2390.06) out of range, returning exp(700)
No more errno warnings during this execution
exp(2390.06) out of range, returning exp(700)
exp(2390.06) out of range, returning exp(700)
exp(2390.06) out of range, returning exp(700)
exp(2390.06) out of range, returning exp(700)
No more errno warnings during this execution
exp(2390.06) out of range, returning exp(700)
exp(2390.06) out of range, returning exp(700)
exp(2390.06) out of range, returning exp(700)
exp(2390.06) out of range, returning exp(700)
No more errno warnings during this execution
exp(2390.06) out of range, returning exp(700)
exp(2390.06) out of range, returning exp(700)
exp(2390.06) out of range, returning exp(700)
exp(2390.06) out of range, returning exp(700)
No more errno warnings during this execution
exp(2390.06) out of range, returning exp(700)
exp(2390.06) out of range, returning exp(700)
exp(2390.06) out of range, returning exp(700)
exp(2390.06) out of range, returning exp(700)
No more errno warnings during this execution
/global/u2/t/tfenton/Neuron_general-2/na12HH16HMM_TF.py:298: RuntimeWarning: More than 20 figures have been opened. Figures created through the pyplot interface (`matplotlib.pyplot.figure`) are retained until explicitly closed and may consume too much memory. (To control this warning, see the rcParam `figure.max_open_warning`).
  fig_volts,axs = plt.subplots(2,figsize=(cm_to_in(8),cm_to_in(15)))
Traceback (most recent call last):
  File "/global/homes/t/tfenton/Neuron_general-2/runModel12HH16HMM_TF.py", line 35, in <module>
    sim = tf.na12HH16HMM_TF(na16name = f'{mutant}_Na16hof',na16mut = f'{mutant}_Na16hof', plots_folder = f'./Plots/12HH16HMM_TF/synth_na16muts_HOMtest/{mutant}/')
  File "/global/u2/t/tfenton/Neuron_general-2/na12HH16HMM_TF.py", line 95, in __init__
    self.na16_p = update_mech_from_dict(self.l5mdl, p_fn_na16, self.wt_mech16)
  File "/global/u2/t/tfenton/Neuron_general-2/NrnHelper.py", line 108, in update_mech_from_dict
    with open(dict_fn) as f:
FileNotFoundError: [Errno 2] No such file or directory: './params/HOF_params_JSON/mut12_4_Na16hof.txt'
