running model at /global/u2/t/tfenton/Neuron_general-2/Neuron_Model_HH run dir is /global/u2/t/tfenton/Neuron_general-2
There is 1.8 of WT nav16
	1 
	1 
Setting temperature to 34.000000 C
Setting simulation time step to 0.100000 ms
	1 
	1 
	1 
	1 
	1 
	1 
	1 
	1 
	1 
	1 
ran working
	1 
	1 
	1 
**********************
cADpyr232_L5_TTPC1_0fb1ca4724[0].soma[0]
1 
1 
1 
	1 
ran working
ran working
	1 
	1 
ran working
running model at /global/u2/t/tfenton/Neuron_general-2/Neuron_Model_HH run dir is /global/u2/t/tfenton/Neuron_general-2
There is 1.8 of WT nav16
ran working
plot_model_FI_Vs_dvdtm1v1
[45, 47, 49, 50, 52, 53, 54, 55, 56, 57, 59, 60, 61, 62, 64, 65, 66, 67, 68, 70, 71, 72, 74, 75, 77, 78, 79, 80, 82, 83]
running model at /global/u2/t/tfenton/Neuron_general-2/Neuron_Model_HH run dir is /global/u2/t/tfenton/Neuron_general-2
There is 1.8 of WT nav16
ran working
plot_model_FI_VS_dvdt &&&&&&&&&&&&&&&&&&&&&&&&&&&&&&&&&&&&&&&&&&&
plot_model_FI_Vs_dvdtM1
[45, 47, 49, 50, 52, 53, 54, 55, 56, 57, 59, 60, 61, 62, 64, 65, 66, 67, 68, 70, 71, 72, 74, 75, 77, 78, 79, 80, 82, 83]
nav12=1, nav16=1
running model at /global/u2/t/tfenton/Neuron_general-2/Neuron_Model_HH run dir is /global/u2/t/tfenton/Neuron_general-2
There is 1.8 of WT nav16
ran working
nav12=1, nav16=2
running model at /global/u2/t/tfenton/Neuron_general-2/Neuron_Model_HH run dir is /global/u2/t/tfenton/Neuron_general-2
There is 3.6 of WT nav16
ran working
nav12=2, nav16=1
running model at /global/u2/t/tfenton/Neuron_general-2/Neuron_Model_HH run dir is /global/u2/t/tfenton/Neuron_general-2
There is 1.8 of WT nav16
ran working
nav12=2, nav16=2
running model at /global/u2/t/tfenton/Neuron_general-2/Neuron_Model_HH run dir is /global/u2/t/tfenton/Neuron_general-2
There is 3.6 of WT nav16
ran working
