nav12=3, nav16=3, dend_nav12=1, soma_nav12=1, ais_nav12=1, dend_nav16=1, soma_nav16=1, ais_nav16=1, ais_ca=1, ais_KCa=1, axon_Kp=1, axon_Kt=1, axon_K=1, axon_Kca=1, axon_HVA=1, axon_LVA=1, node_na=1, soma_K=1, dend_K=1, gpas_all=1
running model at /global/u2/t/tfenton/Neuron_general-2/Neuron_Model_HH run dir is /global/u2/t/tfenton/Neuron_general-2
	1 
	1 
Setting temperature to 34.000000 C
Setting simulation time step to 0.100000 ms
	1 
	1 
	1 
	1 
	1 
	1 
	1 
	1 
	1 
	1 
ran working
	1 
	1 
	1 
**********************
cADpyr232_L5_TTPC1_0fb1ca4724[0].soma[0]
1 
1 
1 
	1 
ran working
ran working
	1 
	1 
ran working
nav12=3, nav16=3, dend_nav12=1, soma_nav12=1, ais_nav12=1, dend_nav16=1, soma_nav16=1, ais_nav16=1, ais_ca=0.5, ais_KCa=1, axon_Kp=1, axon_Kt=1, axon_K=1, axon_Kca=1, axon_HVA=1, axon_LVA=1, node_na=1, soma_K=1, dend_K=1, gpas_all=1
running model at /global/u2/t/tfenton/Neuron_general-2/Neuron_Model_HH run dir is /global/u2/t/tfenton/Neuron_general-2
ran working
ais_ca=0.5
nav12=3, nav16=3, dend_nav12=1, soma_nav12=1, ais_nav12=1, dend_nav16=1, soma_nav16=1, ais_nav16=1, ais_ca=1, ais_KCa=0.5, axon_Kp=1, axon_Kt=1, axon_K=1, axon_Kca=1, axon_HVA=1, axon_LVA=1, node_na=1, soma_K=1, dend_K=1, gpas_all=1
running model at /global/u2/t/tfenton/Neuron_general-2/Neuron_Model_HH run dir is /global/u2/t/tfenton/Neuron_general-2
ran working
ais_Kca=0.5
nav12=3, nav16=3, dend_nav12=1, soma_nav12=1, ais_nav12=1, dend_nav16=1, soma_nav16=1, ais_nav16=1, ais_ca=1, ais_KCa=1, axon_Kp=1, axon_Kt=1, axon_K=0.5, axon_Kca=1, axon_HVA=1, axon_LVA=1, node_na=1, soma_K=1, dend_K=1, gpas_all=1
running model at /global/u2/t/tfenton/Neuron_general-2/Neuron_Model_HH run dir is /global/u2/t/tfenton/Neuron_general-2
ran working
K=0.5
nav12=3, nav16=3, dend_nav12=1, soma_nav12=1, ais_nav12=1, dend_nav16=1, soma_nav16=1, ais_nav16=1, ais_ca=1, ais_KCa=1, axon_Kp=1, axon_Kt=1, axon_K=1, axon_Kca=1, axon_HVA=1, axon_LVA=1, node_na=1, soma_K=0.5, dend_K=1, gpas_all=1
running model at /global/u2/t/tfenton/Neuron_general-2/Neuron_Model_HH run dir is /global/u2/t/tfenton/Neuron_general-2
ran working
somaK=0.5
nav12=3, nav16=3, dend_nav12=1, soma_nav12=1, ais_nav12=1, dend_nav16=1, soma_nav16=1, ais_nav16=1, ais_ca=1, ais_KCa=1, axon_Kp=0.5, axon_Kt=1, axon_K=1, axon_Kca=1, axon_HVA=1, axon_LVA=1, node_na=1, soma_K=1, dend_K=1, gpas_all=1
running model at /global/u2/t/tfenton/Neuron_general-2/Neuron_Model_HH run dir is /global/u2/t/tfenton/Neuron_general-2
ran working
KP=0.5
nav12=3, nav16=3, dend_nav12=1, soma_nav12=1, ais_nav12=1, dend_nav16=1, soma_nav16=1, ais_nav16=1, ais_ca=1, ais_KCa=1, axon_Kp=1, axon_Kt=0.5, axon_K=1, axon_Kca=1, axon_HVA=1, axon_LVA=1, node_na=1, soma_K=1, dend_K=1, gpas_all=1
running model at /global/u2/t/tfenton/Neuron_general-2/Neuron_Model_HH run dir is /global/u2/t/tfenton/Neuron_general-2
ran working
KT=0.5
nav12=3, nav16=3, dend_nav12=1, soma_nav12=1, ais_nav12=1, dend_nav16=1, soma_nav16=1, ais_nav16=1, ais_ca=1.5, ais_KCa=1, axon_Kp=1, axon_Kt=1, axon_K=1, axon_Kca=1, axon_HVA=1, axon_LVA=1, node_na=1, soma_K=1, dend_K=1, gpas_all=1
running model at /global/u2/t/tfenton/Neuron_general-2/Neuron_Model_HH run dir is /global/u2/t/tfenton/Neuron_general-2
ran working
ais_ca=1.5
nav12=3, nav16=3, dend_nav12=1, soma_nav12=1, ais_nav12=1, dend_nav16=1, soma_nav16=1, ais_nav16=1, ais_ca=1, ais_KCa=1.5, axon_Kp=1, axon_Kt=1, axon_K=1, axon_Kca=1, axon_HVA=1, axon_LVA=1, node_na=1, soma_K=1, dend_K=1, gpas_all=1
running model at /global/u2/t/tfenton/Neuron_general-2/Neuron_Model_HH run dir is /global/u2/t/tfenton/Neuron_general-2
ran working
ais_Kca=1.5
nav12=3, nav16=3, dend_nav12=1, soma_nav12=1, ais_nav12=1, dend_nav16=1, soma_nav16=1, ais_nav16=1, ais_ca=1, ais_KCa=1, axon_Kp=1, axon_Kt=1, axon_K=1.5, axon_Kca=1, axon_HVA=1, axon_LVA=1, node_na=1, soma_K=1, dend_K=1, gpas_all=1
running model at /global/u2/t/tfenton/Neuron_general-2/Neuron_Model_HH run dir is /global/u2/t/tfenton/Neuron_general-2
ran working
K=1.5
nav12=3, nav16=3, dend_nav12=1, soma_nav12=1, ais_nav12=1, dend_nav16=1, soma_nav16=1, ais_nav16=1, ais_ca=1, ais_KCa=1, axon_Kp=1, axon_Kt=1, axon_K=1, axon_Kca=1, axon_HVA=1, axon_LVA=1, node_na=1, soma_K=1.5, dend_K=1, gpas_all=1
running model at /global/u2/t/tfenton/Neuron_general-2/Neuron_Model_HH run dir is /global/u2/t/tfenton/Neuron_general-2
ran working
somaK=1.5
nav12=3, nav16=3, dend_nav12=1, soma_nav12=1, ais_nav12=1, dend_nav16=1, soma_nav16=1, ais_nav16=1, ais_ca=1, ais_KCa=1, axon_Kp=1.5, axon_Kt=1, axon_K=1, axon_Kca=1, axon_HVA=1, axon_LVA=1, node_na=1, soma_K=1, dend_K=1, gpas_all=1
running model at /global/u2/t/tfenton/Neuron_general-2/Neuron_Model_HH run dir is /global/u2/t/tfenton/Neuron_general-2
ran working
KP=1.5
nav12=3, nav16=3, dend_nav12=1, soma_nav12=1, ais_nav12=1, dend_nav16=1, soma_nav16=1, ais_nav16=1, ais_ca=1, ais_KCa=1, axon_Kp=1, axon_Kt=1.5, axon_K=1, axon_Kca=1, axon_HVA=1, axon_LVA=1, node_na=1, soma_K=1, dend_K=1, gpas_all=1
running model at /global/u2/t/tfenton/Neuron_general-2/Neuron_Model_HH run dir is /global/u2/t/tfenton/Neuron_general-2
ran working
KT=1.5
nav12=3, nav16=3, dend_nav12=1, soma_nav12=1, ais_nav12=1, dend_nav16=1, soma_nav16=1, ais_nav16=1, ais_ca=2.5, ais_KCa=1, axon_Kp=1, axon_Kt=1, axon_K=1, axon_Kca=1, axon_HVA=1, axon_LVA=1, node_na=1, soma_K=1, dend_K=1, gpas_all=1
running model at /global/u2/t/tfenton/Neuron_general-2/Neuron_Model_HH run dir is /global/u2/t/tfenton/Neuron_general-2
ran working
ais_ca=2.5
nav12=3, nav16=3, dend_nav12=1, soma_nav12=1, ais_nav12=1, dend_nav16=1, soma_nav16=1, ais_nav16=1, ais_ca=1, ais_KCa=2.5, axon_Kp=1, axon_Kt=1, axon_K=1, axon_Kca=1, axon_HVA=1, axon_LVA=1, node_na=1, soma_K=1, dend_K=1, gpas_all=1
running model at /global/u2/t/tfenton/Neuron_general-2/Neuron_Model_HH run dir is /global/u2/t/tfenton/Neuron_general-2
ran working
ais_Kca=2.5
nav12=3, nav16=3, dend_nav12=1, soma_nav12=1, ais_nav12=1, dend_nav16=1, soma_nav16=1, ais_nav16=1, ais_ca=1, ais_KCa=1, axon_Kp=1, axon_Kt=1, axon_K=2.5, axon_Kca=1, axon_HVA=1, axon_LVA=1, node_na=1, soma_K=1, dend_K=1, gpas_all=1
running model at /global/u2/t/tfenton/Neuron_general-2/Neuron_Model_HH run dir is /global/u2/t/tfenton/Neuron_general-2
ran working
K=2.5
nav12=3, nav16=3, dend_nav12=1, soma_nav12=1, ais_nav12=1, dend_nav16=1, soma_nav16=1, ais_nav16=1, ais_ca=1, ais_KCa=1, axon_Kp=1, axon_Kt=1, axon_K=1, axon_Kca=1, axon_HVA=1, axon_LVA=1, node_na=1, soma_K=2.5, dend_K=1, gpas_all=1
running model at /global/u2/t/tfenton/Neuron_general-2/Neuron_Model_HH run dir is /global/u2/t/tfenton/Neuron_general-2
ran working
somaK=2.5
nav12=3, nav16=3, dend_nav12=1, soma_nav12=1, ais_nav12=1, dend_nav16=1, soma_nav16=1, ais_nav16=1, ais_ca=1, ais_KCa=1, axon_Kp=2.5, axon_Kt=1, axon_K=1, axon_Kca=1, axon_HVA=1, axon_LVA=1, node_na=1, soma_K=1, dend_K=1, gpas_all=1
running model at /global/u2/t/tfenton/Neuron_general-2/Neuron_Model_HH run dir is /global/u2/t/tfenton/Neuron_general-2
ran working
KP=2.5
nav12=3, nav16=3, dend_nav12=1, soma_nav12=1, ais_nav12=1, dend_nav16=1, soma_nav16=1, ais_nav16=1, ais_ca=1, ais_KCa=1, axon_Kp=1, axon_Kt=2.5, axon_K=1, axon_Kca=1, axon_HVA=1, axon_LVA=1, node_na=1, soma_K=1, dend_K=1, gpas_all=1
running model at /global/u2/t/tfenton/Neuron_general-2/Neuron_Model_HH run dir is /global/u2/t/tfenton/Neuron_general-2
ran working
KT=2.5
nav12=3, nav16=3, dend_nav12=1, soma_nav12=1, ais_nav12=1, dend_nav16=1, soma_nav16=1, ais_nav16=1, ais_ca=3.5, ais_KCa=1, axon_Kp=1, axon_Kt=1, axon_K=1, axon_Kca=1, axon_HVA=1, axon_LVA=1, node_na=1, soma_K=1, dend_K=1, gpas_all=1
running model at /global/u2/t/tfenton/Neuron_general-2/Neuron_Model_HH run dir is /global/u2/t/tfenton/Neuron_general-2
ran working
ais_ca=3.5
nav12=3, nav16=3, dend_nav12=1, soma_nav12=1, ais_nav12=1, dend_nav16=1, soma_nav16=1, ais_nav16=1, ais_ca=1, ais_KCa=3.5, axon_Kp=1, axon_Kt=1, axon_K=1, axon_Kca=1, axon_HVA=1, axon_LVA=1, node_na=1, soma_K=1, dend_K=1, gpas_all=1
running model at /global/u2/t/tfenton/Neuron_general-2/Neuron_Model_HH run dir is /global/u2/t/tfenton/Neuron_general-2
ran working
ais_Kca=3.5
nav12=3, nav16=3, dend_nav12=1, soma_nav12=1, ais_nav12=1, dend_nav16=1, soma_nav16=1, ais_nav16=1, ais_ca=1, ais_KCa=1, axon_Kp=1, axon_Kt=1, axon_K=3.5, axon_Kca=1, axon_HVA=1, axon_LVA=1, node_na=1, soma_K=1, dend_K=1, gpas_all=1
running model at /global/u2/t/tfenton/Neuron_general-2/Neuron_Model_HH run dir is /global/u2/t/tfenton/Neuron_general-2
ran working
K=3.5
nav12=3, nav16=3, dend_nav12=1, soma_nav12=1, ais_nav12=1, dend_nav16=1, soma_nav16=1, ais_nav16=1, ais_ca=1, ais_KCa=1, axon_Kp=1, axon_Kt=1, axon_K=1, axon_Kca=1, axon_HVA=1, axon_LVA=1, node_na=1, soma_K=3.5, dend_K=1, gpas_all=1
running model at /global/u2/t/tfenton/Neuron_general-2/Neuron_Model_HH run dir is /global/u2/t/tfenton/Neuron_general-2
ran working
somaK=3.5
nav12=3, nav16=3, dend_nav12=1, soma_nav12=1, ais_nav12=1, dend_nav16=1, soma_nav16=1, ais_nav16=1, ais_ca=1, ais_KCa=1, axon_Kp=3.5, axon_Kt=1, axon_K=1, axon_Kca=1, axon_HVA=1, axon_LVA=1, node_na=1, soma_K=1, dend_K=1, gpas_all=1
running model at /global/u2/t/tfenton/Neuron_general-2/Neuron_Model_HH run dir is /global/u2/t/tfenton/Neuron_general-2
ran working
KP=3.5
nav12=3, nav16=3, dend_nav12=1, soma_nav12=1, ais_nav12=1, dend_nav16=1, soma_nav16=1, ais_nav16=1, ais_ca=1, ais_KCa=1, axon_Kp=1, axon_Kt=3.5, axon_K=1, axon_Kca=1, axon_HVA=1, axon_LVA=1, node_na=1, soma_K=1, dend_K=1, gpas_all=1
running model at /global/u2/t/tfenton/Neuron_general-2/Neuron_Model_HH run dir is /global/u2/t/tfenton/Neuron_general-2
ran working
KT=3.5
nav12=3, nav16=3, dend_nav12=1, soma_nav12=1, ais_nav12=1, dend_nav16=1, soma_nav16=1, ais_nav16=1, ais_ca=4.5, ais_KCa=1, axon_Kp=1, axon_Kt=1, axon_K=1, axon_Kca=1, axon_HVA=1, axon_LVA=1, node_na=1, soma_K=1, dend_K=1, gpas_all=1
running model at /global/u2/t/tfenton/Neuron_general-2/Neuron_Model_HH run dir is /global/u2/t/tfenton/Neuron_general-2
ran working
ais_ca=4.5
nav12=3, nav16=3, dend_nav12=1, soma_nav12=1, ais_nav12=1, dend_nav16=1, soma_nav16=1, ais_nav16=1, ais_ca=1, ais_KCa=4.5, axon_Kp=1, axon_Kt=1, axon_K=1, axon_Kca=1, axon_HVA=1, axon_LVA=1, node_na=1, soma_K=1, dend_K=1, gpas_all=1
running model at /global/u2/t/tfenton/Neuron_general-2/Neuron_Model_HH run dir is /global/u2/t/tfenton/Neuron_general-2
ran working
ais_Kca=4.5
nav12=3, nav16=3, dend_nav12=1, soma_nav12=1, ais_nav12=1, dend_nav16=1, soma_nav16=1, ais_nav16=1, ais_ca=1, ais_KCa=1, axon_Kp=1, axon_Kt=1, axon_K=4.5, axon_Kca=1, axon_HVA=1, axon_LVA=1, node_na=1, soma_K=1, dend_K=1, gpas_all=1
running model at /global/u2/t/tfenton/Neuron_general-2/Neuron_Model_HH run dir is /global/u2/t/tfenton/Neuron_general-2
ran working
K=4.5
nav12=3, nav16=3, dend_nav12=1, soma_nav12=1, ais_nav12=1, dend_nav16=1, soma_nav16=1, ais_nav16=1, ais_ca=1, ais_KCa=1, axon_Kp=1, axon_Kt=1, axon_K=1, axon_Kca=1, axon_HVA=1, axon_LVA=1, node_na=1, soma_K=4.5, dend_K=1, gpas_all=1
running model at /global/u2/t/tfenton/Neuron_general-2/Neuron_Model_HH run dir is /global/u2/t/tfenton/Neuron_general-2
ran working
somaK=4.5
nav12=3, nav16=3, dend_nav12=1, soma_nav12=1, ais_nav12=1, dend_nav16=1, soma_nav16=1, ais_nav16=1, ais_ca=1, ais_KCa=1, axon_Kp=4.5, axon_Kt=1, axon_K=1, axon_Kca=1, axon_HVA=1, axon_LVA=1, node_na=1, soma_K=1, dend_K=1, gpas_all=1
running model at /global/u2/t/tfenton/Neuron_general-2/Neuron_Model_HH run dir is /global/u2/t/tfenton/Neuron_general-2
ran working
KP=4.5
nav12=3, nav16=3, dend_nav12=1, soma_nav12=1, ais_nav12=1, dend_nav16=1, soma_nav16=1, ais_nav16=1, ais_ca=1, ais_KCa=1, axon_Kp=1, axon_Kt=4.5, axon_K=1, axon_Kca=1, axon_HVA=1, axon_LVA=1, node_na=1, soma_K=1, dend_K=1, gpas_all=1
running model at /global/u2/t/tfenton/Neuron_general-2/Neuron_Model_HH run dir is /global/u2/t/tfenton/Neuron_general-2
ran working
KT=4.5
