Warning: no DISPLAY environment variable.
--No graphics will be displayed.
Traceback (most recent call last):
  File "/global/homes/t/tfenton/Neuron_general-2/runNa12HMMTF.py", line 20, in <module>
    from NrnHelper import *
  File "/global/u2/t/tfenton/Neuron_general-2/NrnHelper.py", line 2, in <module>
    from scipy.signal import find_peaks
  File "/usr/lib/python3/dist-packages/scipy/signal/__init__.py", line 289, in <module>
    from . import sigtools, windows
  File "/usr/lib/python3/dist-packages/scipy/signal/windows/__init__.py", line 41, in <module>
    from .windows import *
  File "/usr/lib/python3/dist-packages/scipy/signal/windows/windows.py", line 9, in <module>
    from scipy import fftpack, linalg, special
  File "/usr/lib/python3/dist-packages/scipy/linalg/__init__.py", line 213, in <module>
    from ._sketches import *
  File "/usr/lib/python3/dist-packages/scipy/linalg/_sketches.py", line 11, in <module>
    from scipy.sparse import csc_matrix
  File "/usr/lib/python3/dist-packages/scipy/sparse/__init__.py", line 229, in <module>
    from .base import *
  File "/usr/lib/python3/dist-packages/scipy/sparse/base.py", line 8, in <module>
    from .sputils import (isdense, isscalarlike, isintlike,
  File "/usr/lib/python3/dist-packages/scipy/sparse/sputils.py", line 16, in <module>
    supported_dtypes = [np.typeDict[x] for x in supported_dtypes]
  File "/usr/lib/python3/dist-packages/scipy/sparse/sputils.py", line 16, in <listcomp>
    supported_dtypes = [np.typeDict[x] for x in supported_dtypes]
  File "/global/homes/t/tfenton/.local/lib/python3.8/site-packages/numpy/__init__.py", line 320, in __getattr__
    raise AttributeError("module {!r} has no attribute "
AttributeError: module 'numpy' has no attribute 'typeDict'
